<?xml version="1.0" encoding="UTF-8"?>
<testng-results ignored="0" total="0" passed="0" failed="0" skipped="0">
  <reporter-output>
  </reporter-output>
  <suite started-at="2026-02-07T16:39:31 IST" name="Mobile" finished-at="2026-02-07T16:39:31 IST" duration-ms="51">
    <groups>
    </groups>
    <test started-at="2026-02-07T16:39:31 IST" name="AndroidAppTest_1" finished-at="2026-02-07T16:39:31 IST" duration-ms="11">
    </test> <!-- AndroidAppTest_1 -->
    <test started-at="2026-02-07T16:39:31 IST" name="AndroidAppTest_2" finished-at="2026-02-07T16:39:31 IST" duration-ms="0">
    </test> <!-- AndroidAppTest_2 -->
  </suite> <!-- Mobile -->
</testng-results>
